2026-03-09 20:11:13,980 - aqt.helper - DEBUG - helper 127519596978304 Attempt to download checksum at https://download.qt.io/online/qtsdkrepository/linux_x64/desktop/qt6_692/qt6_692/Updates.xml.sha256
2026-03-09 20:11:14,571 - aqt.helper - DEBUG - helper 127519596978304 Attempt to download checksum at https://download.qt.io/online/qtsdkrepository/linux_x64/extensions/qtpdf/692/x86_64/Updates.xml.sha256
2026-03-09 20:11:15,090 - aqt.helper - DEBUG - helper 127519596978304 Attempt to download checksum at https://download.qt.io/online/qtsdkrepository/linux_x64/extensions/qtwebengine/692/x86_64/Updates.xml.sha256
2026-03-09 20:11:15,610 - aqt.main - ERROR - installer 127519596978304 No modules available for this request.
==============================Suggested follow-up:==============================
* Please use 'aqt list-qt linux desktop' to show versions of Qt available.
* Please use 'aqt list-qt linux desktop --arch <QT_VERSION>' to list valid architectures.
2026-03-09 20:11:21,044 - aqt.helper - DEBUG - helper 137106708750464 Attempt to download checksum at https://download.qt.io/online/qtsdkrepository/linux_x64/desktop/qt6_692/qt6_692/Updates.xml.sha256
2026-03-09 20:11:21,595 - aqt.helper - DEBUG - helper 137106708750464 Attempt to download checksum at https://download.qt.io/online/qtsdkrepository/linux_x64/extensions/qtpdf/692/x86_64/Updates.xml.sha256
2026-03-09 20:11:22,093 - aqt.helper - DEBUG - helper 137106708750464 Attempt to download checksum at https://download.qt.io/online/qtsdkrepository/linux_x64/extensions/qtwebengine/692/x86_64/Updates.xml.sha256
2026-03-09 20:11:22,578 - aqt.main - ERROR - installer 137106708750464 No modules available for this request.
==============================Suggested follow-up:==============================
* Please use 'aqt list-qt linux desktop' to show versions of Qt available.
* Please use 'aqt list-qt linux desktop --arch <QT_VERSION>' to list valid architectures.
2026-03-09 20:11:22,962 - aqt.helper - DEBUG - helper 129515586764928 Attempt to download checksum at https://download.qt.io/online/qtsdkrepository/linux_x64/desktop/qt6_692/qt6_692/Updates.xml.sha256
2026-03-09 20:11:23,508 - aqt.helper - DEBUG - helper 129515586764928 Attempt to download checksum at https://download.qt.io/online/qtsdkrepository/linux_x64/extensions/qtpdf/692/x86_64/Updates.xml.sha256
2026-03-09 20:11:24,032 - aqt.helper - DEBUG - helper 129515586764928 Attempt to download checksum at https://download.qt.io/online/qtsdkrepository/linux_x64/extensions/qtwebengine/692/x86_64/Updates.xml.sha256
2026-03-09 20:11:24,545 - aqt.main - ERROR - installer 129515586764928 No modules available for this request.
==============================Suggested follow-up:==============================
* Please use 'aqt list-qt linux desktop' to show versions of Qt available.
* Please use 'aqt list-qt linux desktop --arch <QT_VERSION>' to list valid architectures.
2026-03-09 20:11:30,211 - aqt.helper - DEBUG - helper 135079547195520 Attempt to download checksum at https://download.qt.io/online/qtsdkrepository/linux_x64/desktop/qt6_692/qt6_692/Updates.xml.sha256
2026-03-09 20:11:36,103 - aqt.helper - DEBUG - helper 134537506881664 Attempt to download checksum at https://download.qt.io/online/qtsdkrepository/linux_x64/desktop/qt6_692/qt6_692/Updates.xml.sha256
2026-03-09 20:11:36,625 - aqt.helper - DEBUG - helper 134537506881664 Attempt to download checksum at https://download.qt.io/online/qtsdkrepository/linux_x64/extensions/qtpdf/692/x86_64/Updates.xml.sha256
2026-03-09 20:11:37,089 - aqt.helper - DEBUG - helper 134537506881664 Attempt to download checksum at https://download.qt.io/online/qtsdkrepository/linux_x64/extensions/qtwebengine/692/x86_64/Updates.xml.sha256
2026-03-09 20:11:45,523 - aqt.helper - DEBUG - helper 135727067201664 Attempt to download checksum at https://download.qt.io/online/qtsdkrepository/linux_x64/desktop/qt6_692/qt6_692/Updates.xml.sha256
2026-03-09 20:11:46,031 - aqt.helper - DEBUG - helper 135727067201664 Attempt to download checksum at https://download.qt.io/online/qtsdkrepository/linux_x64/extensions/qtpdf/692/x86_64/Updates.xml.sha256
2026-03-09 20:11:46,522 - aqt.helper - DEBUG - helper 135727067201664 Attempt to download checksum at https://download.qt.io/online/qtsdkrepository/linux_x64/extensions/qtwebengine/692/x86_64/Updates.xml.sha256
2026-03-09 20:11:52,342 - aqt.helper - DEBUG - helper 126898393895040 Attempt to download checksum at https://download.qt.io/online/qtsdkrepository/linux_x64/desktop/qt6_692/qt6_692/Updates.xml.sha256
2026-03-09 20:11:53,399 - aqt.helper - DEBUG - helper 126898393895040 Attempt to download checksum at https://download.qt.io/online/qtsdkrepository/linux_x64/extensions/qtpdf/692/x86_64/Updates.xml.sha256
2026-03-09 20:11:53,884 - aqt.helper - DEBUG - helper 126898393895040 Attempt to download checksum at https://download.qt.io/online/qtsdkrepository/linux_x64/extensions/qtwebengine/692/x86_64/Updates.xml.sha256
2026-03-09 20:12:07,577 - aqt.helper - DEBUG - helper 131276474654848 Attempt to download checksum at https://download.qt.io/online/qtsdkrepository/windows_x86/desktop/qt6_692/qt6_692/Updates.xml.sha256
2026-03-09 20:12:08,583 - aqt.helper - DEBUG - helper 132719827091584 Attempt to download checksum at https://download.qt.io/online/qtsdkrepository/mac_x64/desktop/qt6_692/qt6_692/Updates.xml.sha256
